<?xml version="1.0" encoding="UTF-8"?>
<testsuite name="RequestBalanceQueryHandlerTests" tests="1" skipped="0" failures="0" errors="0" timestamp="2018-11-16T19:13:22" hostname="DESKTOP-7JEDLPV" time="0.002">
  <properties/>
  <testcase name="whenAccountDoesNotExistResultShouldBeFail" classname="RequestBalanceQueryHandlerTests" time="0.002"/>
  <system-out><![CDATA[]]></system-out>
  <system-err><![CDATA[]]></system-err>
</testsuite>
