<?xml version="1.0" encoding="UTF-8"?>
<testsuite name="InMemoryAccountDataStoreTests" tests="4" skipped="0" failures="0" errors="0" timestamp="2018-11-16T19:13:22" hostname="DESKTOP-7JEDLPV" time="0.04">
  <properties/>
  <testcase name="testIfVarArgsActuallySavesAllOfTheAccounts" classname="InMemoryAccountDataStoreTests" time="0.039"/>
  <testcase name="testIfCanAddMoreThanOneAccountToList" classname="InMemoryAccountDataStoreTests" time="0.0"/>
  <testcase name="testIfSaveOrUpdateChangesTheEntity" classname="InMemoryAccountDataStoreTests" time="0.0"/>
  <testcase name="testIfCanAddToDataStore" classname="InMemoryAccountDataStoreTests" time="0.001"/>
  <system-out><![CDATA[]]></system-out>
  <system-err><![CDATA[]]></system-err>
</testsuite>
